<?xml version="1.0" encoding="UTF-8"?>
<testsuite name="lottos" tests="3" skipped="0" failures="0" errors="0" timestamp="2022-01-09T13:49:30" hostname="Aaron-MacBookPro.local" time="0.056">
  <properties/>
  <testcase name="test1()" classname="lottos" time="0.022"/>
  <testcase name="test2()" classname="lottos" time="0.002"/>
  <testcase name="test3()" classname="lottos" time="0.025"/>
  <system-out><![CDATA[]]></system-out>
  <system-err><![CDATA[]]></system-err>
</testsuite>
