<?xml version="1.0" encoding="UTF-8"?>
<testsuite name="numberStringAndWords" tests="1" skipped="0" failures="0" errors="0" timestamp="2022-01-10T13:58:22" hostname="Aaron-MacBookPro.local" time="0.032">
  <properties/>
  <testcase name="String2int_test()" classname="numberStringAndWords" time="0.032"/>
  <system-out><![CDATA[a
]]></system-out>
  <system-err><![CDATA[]]></system-err>
</testsuite>
